d:\보관용\d2dpractice\d2dpractice\x64\debug\d2dpractice.pch
d:\보관용\d2dpractice\d2dpractice\x64\debug\vc143.pdb
d:\보관용\d2dpractice\d2dpractice\x64\debug\vc143.idb
d:\보관용\d2dpractice\d2dpractice\x64\debug\pch.obj
d:\보관용\d2dpractice\d2dpractice\x64\debug\circle.obj
d:\보관용\d2dpractice\d2dpractice\x64\debug\d2dpractice.obj
d:\보관용\d2dpractice\d2dpractice\x64\debug\inputmanager.obj
d:\보관용\d2dpractice\d2dpractice\x64\debug\rectangle.obj
d:\보관용\d2dpractice\d2dpractice\x64\debug\aabb.obj
d:\보관용\d2dpractice\d2dpractice\x64\debug\cc.obj
d:\보관용\d2dpractice\x64\debug\d2dpractice.exe
d:\보관용\d2dpractice\d2dpractice\x64\debug\d2dpractice.ilk
d:\보관용\d2dpractice\x64\debug\d2dpractice.pdb
d:\보관용\d2dpractice\d2dpractice\x64\debug\d2dpractice.res
d:\보관용\d2dpractice\d2dpractice\x64\debug\d2dpractice.tlog\cl.command.1.tlog
d:\보관용\d2dpractice\d2dpractice\x64\debug\d2dpractice.tlog\cl.read.1.tlog
d:\보관용\d2dpractice\d2dpractice\x64\debug\d2dpractice.tlog\cl.write.1.tlog
d:\보관용\d2dpractice\d2dpractice\x64\debug\d2dpractice.tlog\link.command.1.tlog
d:\보관용\d2dpractice\d2dpractice\x64\debug\d2dpractice.tlog\link.read.1.tlog
d:\보관용\d2dpractice\d2dpractice\x64\debug\d2dpractice.tlog\link.write.1.tlog
d:\보관용\d2dpractice\d2dpractice\x64\debug\d2dpractice.tlog\rc.command.1.tlog
d:\보관용\d2dpractice\d2dpractice\x64\debug\d2dpractice.tlog\rc.read.1.tlog
d:\보관용\d2dpractice\d2dpractice\x64\debug\d2dpractice.tlog\rc.write.1.tlog
