d:\svn\ga2023\2d game programming\02_direct2d\d2d_03_engine\drenginedemo\debug\vc143.pdb
d:\svn\ga2023\2d game programming\02_direct2d\d2d_03_engine\drenginedemo\debug\vc143.idb
d:\svn\ga2023\2d game programming\02_direct2d\d2d_03_engine\drenginedemo\debug\drenginedemo.obj
d:\svn\ga2023\2d game programming\02_direct2d\d2d_03_engine\drenginedemo\debug\cgameprocess.obj
d:\보관용\d2d_03_engine\drenginedemo\debug\vc143.pdb
d:\보관용\d2d_03_engine\drenginedemo\debug\vc143.idb
d:\보관용\d2d_03_engine\drenginedemo\debug\drenginedemo.obj
d:\보관용\d2d_03_engine\drenginedemo\debug\cgameprocess.obj
d:\svn\ga2023\2d game programming\02_direct2d\d2d_03_engine\drenginedemo\debug\drenginedemo.ilk
d:\svn\ga2023\2d game programming\02_direct2d\d2d_03_engine\debug\drenginedemo.exe
d:\svn\ga2023\2d game programming\02_direct2d\d2d_03_engine\debug\drenginedemo.pdb
d:\보관용\d2d_03_engine\debug\drenginedemo.exe
d:\보관용\d2d_03_engine\drenginedemo\debug\drenginedemo.ilk
d:\보관용\d2d_03_engine\debug\drenginedemo.pdb
d:\보관용\d2d_03_engine\drenginedemo\debug\drenginedemo.tlog\cl.command.1.tlog
d:\보관용\d2d_03_engine\drenginedemo\debug\drenginedemo.tlog\cl.read.1.tlog
d:\보관용\d2d_03_engine\drenginedemo\debug\drenginedemo.tlog\cl.write.1.tlog
d:\보관용\d2d_03_engine\drenginedemo\debug\drenginedemo.tlog\link.command.1.tlog
d:\보관용\d2d_03_engine\drenginedemo\debug\drenginedemo.tlog\link.read.1.tlog
d:\보관용\d2d_03_engine\drenginedemo\debug\drenginedemo.tlog\link.write.1.tlog
